<?xml version="1.0" encoding="UTF-8"?>
<!-- Generated by org.testng.reporters.JUnitReportReporter -->
<testsuite skipped="0" hostname="SAPTHAGIRI" name="com.breato.qa.testcases.LoginPageTest" tests="1" failures="0" timestamp="19 Jul 2021 17:05:26 GMT" time="17.119" errors="0">
  <testcase name="loginPageTitleTest" time="17.119" classname="com.breato.qa.testcases.LoginPageTest"/>
</testsuite> <!-- com.breato.qa.testcases.LoginPageTest -->
